{
  "/Users/claudevernetmichel/Documents/mvp-frontend/pages/_app.tsx": {
    "path": "/Users/claudevernetmichel/Documents/mvp-frontend/pages/_app.tsx",
    "statementMap": {
      "0": {
        "start": {
          "line": 9,
          "column": 20
        },
        "end": {
          "line": 11,
          "column": 1
        }
      },
      "1": {
        "start": {
          "line": 10,
          "column": 2
        },
        "end": {
          "line": 10,
          "column": 21
        }
      },
      "2": {
        "start": {
          "line": 14,
          "column": 2
        },
        "end": {
          "line": 22,
          "column": 3
        }
      }
    },
    "fnMap": {
      "0": {
        "name": "(anonymous_0)",
        "decl": {
          "start": {
            "line": 9,
            "column": 38
          },
          "end": {
            "line": 9,
            "column": 39
          }
        },
        "loc": {
          "start": {
            "line": 10,
            "column": 2
          },
          "end": {
            "line": 10,
            "column": 21
          }
        },
        "line": 10
      },
      "1": {
        "name": "MyApp",
        "decl": {
          "start": {
            "line": 13,
            "column": 9
          },
          "end": {
            "line": 13,
            "column": 14
          }
        },
        "loc": {
          "start": {
            "line": 13,
            "column": 51
          },
          "end": {
            "line": 23,
            "column": 1
          }
        },
        "line": 13
      }
    },
    "branchMap": {},
    "s": {
      "0": 9,
      "1": 9,
      "2": 26
    },
    "f": {
      "0": 9,
      "1": 26
    },
    "b": {},
    "_coverageSchema": "1a1c01bbd47fc00a2c39e90264f33305004495a9",
    "hash": "ac36f7175879af6495afac1e1c6e7afb60f9d8ed"
  },
  "/Users/claudevernetmichel/Documents/mvp-frontend/pkg/sdk/index.ts": {
    "path": "/Users/claudevernetmichel/Documents/mvp-frontend/pkg/sdk/index.ts",
    "statementMap": {},
    "fnMap": {},
    "branchMap": {},
    "s": {},
    "f": {},
    "b": {},
    "_coverageSchema": "1a1c01bbd47fc00a2c39e90264f33305004495a9",
    "hash": "44c12e0debac3a67ce05c85ac9a9dc6ffd1d74b9"
  },
  "/Users/claudevernetmichel/Documents/mvp-frontend/pages/error.tsx": {
    "path": "/Users/claudevernetmichel/Documents/mvp-frontend/pages/error.tsx",
    "statementMap": {
      "0": {
        "start": {
          "line": 12,
          "column": 24
        },
        "end": {
          "line": 62,
          "column": 1
        }
      },
      "1": {
        "start": {
          "line": 13,
          "column": 28
        },
        "end": {
          "line": 13,
          "column": 65
        }
      },
      "2": {
        "start": {
          "line": 16,
          "column": 17
        },
        "end": {
          "line": 16,
          "column": 28
        }
      },
      "3": {
        "start": {
          "line": 17,
          "column": 17
        },
        "end": {
          "line": 17,
          "column": 29
        }
      },
      "4": {
        "start": {
          "line": 19,
          "column": 2
        },
        "end": {
          "line": 43,
          "column": 41
        }
      },
      "5": {
        "start": {
          "line": 21,
          "column": 4
        },
        "end": {
          "line": 23,
          "column": 5
        }
      },
      "6": {
        "start": {
          "line": 22,
          "column": 6
        },
        "end": {
          "line": 22,
          "column": 12
        }
      },
      "7": {
        "start": {
          "line": 25,
          "column": 4
        },
        "end": {
          "line": 42,
          "column": 8
        }
      },
      "8": {
        "start": {
          "line": 28,
          "column": 8
        },
        "end": {
          "line": 28,
          "column": 22
        }
      },
      "9": {
        "start": {
          "line": 31,
          "column": 8
        },
        "end": {
          "line": 39,
          "column": 9
        }
      },
      "10": {
        "start": {
          "line": 38,
          "column": 12
        },
        "end": {
          "line": 38,
          "column": 35
        }
      },
      "11": {
        "start": {
          "line": 41,
          "column": 8
        },
        "end": {
          "line": 41,
          "column": 34
        }
      },
      "12": {
        "start": {
          "line": 45,
          "column": 2
        },
        "end": {
          "line": 47,
          "column": 3
        }
      },
      "13": {
        "start": {
          "line": 46,
          "column": 4
        },
        "end": {
          "line": 46,
          "column": 15
        }
      },
      "14": {
        "start": {
          "line": 49,
          "column": 2
        },
        "end": {
          "line": 61,
          "column": 3
        }
      }
    },
    "fnMap": {
      "0": {
        "name": "(anonymous_0)",
        "decl": {
          "start": {
            "line": 12,
            "column": 24
          },
          "end": {
            "line": 12,
            "column": 25
          }
        },
        "loc": {
          "start": {
            "line": 12,
            "column": 30
          },
          "end": {
            "line": 62,
            "column": 1
          }
        },
        "line": 12
      },
      "1": {
        "name": "(anonymous_1)",
        "decl": {
          "start": {
            "line": 19,
            "column": 12
          },
          "end": {
            "line": 19,
            "column": 13
          }
        },
        "loc": {
          "start": {
            "line": 19,
            "column": 18
          },
          "end": {
            "line": 43,
            "column": 3
          }
        },
        "line": 19
      },
      "2": {
        "name": "(anonymous_2)",
        "decl": {
          "start": {
            "line": 27,
            "column": 12
          },
          "end": {
            "line": 27,
            "column": 13
          }
        },
        "loc": {
          "start": {
            "line": 27,
            "column": 26
          },
          "end": {
            "line": 29,
            "column": 7
          }
        },
        "line": 27
      },
      "3": {
        "name": "(anonymous_3)",
        "decl": {
          "start": {
            "line": 30,
            "column": 13
          },
          "end": {
            "line": 30,
            "column": 14
          }
        },
        "loc": {
          "start": {
            "line": 30,
            "column": 34
          },
          "end": {
            "line": 42,
            "column": 7
          }
        },
        "line": 30
      }
    },
    "branchMap": {
      "0": {
        "loc": {
          "start": {
            "line": 21,
            "column": 4
          },
          "end": {
            "line": 23,
            "column": 5
          }
        },
        "type": "if",
        "locations": [
          {
            "start": {
              "line": 21,
              "column": 4
            },
            "end": {
              "line": 23,
              "column": 5
            }
          },
          {
            "start": {},
            "end": {}
          }
        ],
        "line": 21
      },
      "1": {
        "loc": {
          "start": {
            "line": 21,
            "column": 8
          },
          "end": {
            "line": 21,
            "column": 32
          }
        },
        "type": "binary-expr",
        "locations": [
          {
            "start": {
              "line": 21,
              "column": 8
            },
            "end": {
              "line": 21,
              "column": 23
            }
          },
          {
            "start": {
              "line": 21,
              "column": 27
            },
            "end": {
              "line": 21,
              "column": 32
            }
          }
        ],
        "line": 21
      },
      "2": {
        "loc": {
          "start": {
            "line": 31,
            "column": 8
          },
          "end": {
            "line": 39,
            "column": 9
          }
        },
        "type": "switch",
        "locations": [
          {
            "start": {
              "line": 32,
              "column": 10
            },
            "end": {
              "line": 32,
              "column": 19
            }
          },
          {
            "start": {
              "line": 34,
              "column": 10
            },
            "end": {
              "line": 34,
              "column": 19
            }
          },
          {
            "start": {
              "line": 36,
              "column": 10
            },
            "end": {
              "line": 38,
              "column": 35
            }
          }
        ],
        "line": 31
      },
      "3": {
        "loc": {
          "start": {
            "line": 45,
            "column": 2
          },
          "end": {
            "line": 47,
            "column": 3
          }
        },
        "type": "if",
        "locations": [
          {
            "start": {
              "line": 45,
              "column": 2
            },
            "end": {
              "line": 47,
              "column": 3
            }
          },
          {
            "start": {},
            "end": {}
          }
        ],
        "line": 45
      }
    },
    "s": {
      "0": 6,
      "1": 0,
      "2": 0,
      "3": 0,
      "4": 0,
      "5": 0,
      "6": 0,
      "7": 0,
      "8": 0,
      "9": 0,
      "10": 0,
      "11": 0,
      "12": 0,
      "13": 0,
      "14": 0
    },
    "f": {
      "0": 0,
      "1": 0,
      "2": 0,
      "3": 0
    },
    "b": {
      "0": [0, 0],
      "1": [0, 0],
      "2": [0, 0, 0],
      "3": [0, 0]
    },
    "_coverageSchema": "1a1c01bbd47fc00a2c39e90264f33305004495a9",
    "hash": "34bba2b10fea3c29343ef8a507157aa35e58e8b0"
  },
  "/Users/claudevernetmichel/Documents/mvp-frontend/pages/index.tsx": {
    "path": "/Users/claudevernetmichel/Documents/mvp-frontend/pages/index.tsx",
    "statementMap": {
      "0": {
        "start": {
          "line": 11,
          "column": 23
        },
        "end": {
          "line": 160,
          "column": 1
        }
      },
      "1": {
        "start": {
          "line": 12,
          "column": 32
        },
        "end": {
          "line": 14,
          "column": 3
        }
      },
      "2": {
        "start": {
          "line": 15,
          "column": 38
        },
        "end": {
          "line": 15,
          "column": 62
        }
      },
      "3": {
        "start": {
          "line": 16,
          "column": 17
        },
        "end": {
          "line": 16,
          "column": 28
        }
      },
      "4": {
        "start": {
          "line": 17,
          "column": 19
        },
        "end": {
          "line": 17,
          "column": 40
        }
      },
      "5": {
        "start": {
          "line": 19,
          "column": 2
        },
        "end": {
          "line": 44,
          "column": 4
        }
      },
      "6": {
        "start": {
          "line": 20,
          "column": 4
        },
        "end": {
          "line": 43,
          "column": 8
        }
      },
      "7": {
        "start": {
          "line": 23,
          "column": 8
        },
        "end": {
          "line": 23,
          "column": 49
        }
      },
      "8": {
        "start": {
          "line": 24,
          "column": 8
        },
        "end": {
          "line": 24,
          "column": 27
        }
      },
      "9": {
        "start": {
          "line": 27,
          "column": 8
        },
        "end": {
          "line": 39,
          "column": 9
        }
      },
      "10": {
        "start": {
          "line": 35,
          "column": 12
        },
        "end": {
          "line": 35,
          "column": 49
        }
      },
      "11": {
        "start": {
          "line": 38,
          "column": 12
        },
        "end": {
          "line": 38,
          "column": 18
        }
      },
      "12": {
        "start": {
          "line": 42,
          "column": 8
        },
        "end": {
          "line": 42,
          "column": 34
        }
      },
      "13": {
        "start": {
          "line": 46,
          "column": 2
        },
        "end": {
          "line": 159,
          "column": 3
        }
      }
    },
    "fnMap": {
      "0": {
        "name": "(anonymous_0)",
        "decl": {
          "start": {
            "line": 11,
            "column": 23
          },
          "end": {
            "line": 11,
            "column": 24
          }
        },
        "loc": {
          "start": {
            "line": 11,
            "column": 29
          },
          "end": {
            "line": 160,
            "column": 1
          }
        },
        "line": 11
      },
      "1": {
        "name": "(anonymous_1)",
        "decl": {
          "start": {
            "line": 19,
            "column": 12
          },
          "end": {
            "line": 19,
            "column": 13
          }
        },
        "loc": {
          "start": {
            "line": 19,
            "column": 18
          },
          "end": {
            "line": 44,
            "column": 3
          }
        },
        "line": 19
      },
      "2": {
        "name": "(anonymous_2)",
        "decl": {
          "start": {
            "line": 22,
            "column": 12
          },
          "end": {
            "line": 22,
            "column": 13
          }
        },
        "loc": {
          "start": {
            "line": 22,
            "column": 26
          },
          "end": {
            "line": 25,
            "column": 7
          }
        },
        "line": 22
      },
      "3": {
        "name": "(anonymous_3)",
        "decl": {
          "start": {
            "line": 26,
            "column": 13
          },
          "end": {
            "line": 26,
            "column": 14
          }
        },
        "loc": {
          "start": {
            "line": 26,
            "column": 34
          },
          "end": {
            "line": 43,
            "column": 7
          }
        },
        "line": 26
      }
    },
    "branchMap": {
      "0": {
        "loc": {
          "start": {
            "line": 27,
            "column": 8
          },
          "end": {
            "line": 39,
            "column": 9
          }
        },
        "type": "switch",
        "locations": [
          {
            "start": {
              "line": 28,
              "column": 10
            },
            "end": {
              "line": 28,
              "column": 19
            }
          },
          {
            "start": {
              "line": 31,
              "column": 10
            },
            "end": {
              "line": 35,
              "column": 49
            }
          },
          {
            "start": {
              "line": 36,
              "column": 10
            },
            "end": {
              "line": 38,
              "column": 18
            }
          }
        ],
        "line": 27
      }
    },
    "s": {
      "0": 6,
      "1": 22,
      "2": 20,
      "3": 20,
      "4": 20,
      "5": 20,
      "6": 10,
      "7": 2,
      "8": 2,
      "9": 0,
      "10": 0,
      "11": 0,
      "12": 0,
      "13": 20
    },
    "f": {
      "0": 22,
      "1": 10,
      "2": 2,
      "3": 0
    },
    "b": {
      "0": [0, 0, 0]
    },
    "_coverageSchema": "1a1c01bbd47fc00a2c39e90264f33305004495a9",
    "hash": "8b4dbdffa5b9f7548f7dfa1b24a35863ba85b08b"
  },
  "/Users/claudevernetmichel/Documents/mvp-frontend/pkg/errors.tsx": {
    "path": "/Users/claudevernetmichel/Documents/mvp-frontend/pkg/errors.tsx",
    "statementMap": {
      "0": {
        "start": {
          "line": 12,
          "column": 2
        },
        "end": {
          "line": 67,
          "column": 3
        }
      },
      "1": {
        "start": {
          "line": 13,
          "column": 4
        },
        "end": {
          "line": 55,
          "column": 5
        }
      },
      "2": {
        "start": {
          "line": 16,
          "column": 8
        },
        "end": {
          "line": 16,
          "column": 69
        }
      },
      "3": {
        "start": {
          "line": 17,
          "column": 8
        },
        "end": {
          "line": 17,
          "column": 14
        }
      },
      "4": {
        "start": {
          "line": 20,
          "column": 8
        },
        "end": {
          "line": 20,
          "column": 30
        }
      },
      "5": {
        "start": {
          "line": 21,
          "column": 8
        },
        "end": {
          "line": 21,
          "column": 14
        }
      },
      "6": {
        "start": {
          "line": 24,
          "column": 8
        },
        "end": {
          "line": 24,
          "column": 69
        }
      },
      "7": {
        "start": {
          "line": 25,
          "column": 8
        },
        "end": {
          "line": 25,
          "column": 14
        }
      },
      "8": {
        "start": {
          "line": 28,
          "column": 8
        },
        "end": {
          "line": 28,
          "column": 60
        }
      },
      "9": {
        "start": {
          "line": 29,
          "column": 8
        },
        "end": {
          "line": 29,
          "column": 28
        }
      },
      "10": {
        "start": {
          "line": 30,
          "column": 8
        },
        "end": {
          "line": 30,
          "column": 41
        }
      },
      "11": {
        "start": {
          "line": 31,
          "column": 8
        },
        "end": {
          "line": 31,
          "column": 14
        }
      },
      "12": {
        "start": {
          "line": 34,
          "column": 8
        },
        "end": {
          "line": 34,
          "column": 80
        }
      },
      "13": {
        "start": {
          "line": 35,
          "column": 8
        },
        "end": {
          "line": 35,
          "column": 28
        }
      },
      "14": {
        "start": {
          "line": 36,
          "column": 8
        },
        "end": {
          "line": 36,
          "column": 41
        }
      },
      "15": {
        "start": {
          "line": 37,
          "column": 8
        },
        "end": {
          "line": 37,
          "column": 14
        }
      },
      "16": {
        "start": {
          "line": 40,
          "column": 8
        },
        "end": {
          "line": 42,
          "column": 9
        }
      },
      "17": {
        "start": {
          "line": 43,
          "column": 8
        },
        "end": {
          "line": 43,
          "column": 28
        }
      },
      "18": {
        "start": {
          "line": 44,
          "column": 8
        },
        "end": {
          "line": 44,
          "column": 41
        }
      },
      "19": {
        "start": {
          "line": 45,
          "column": 8
        },
        "end": {
          "line": 45,
          "column": 14
        }
      },
      "20": {
        "start": {
          "line": 48,
          "column": 8
        },
        "end": {
          "line": 48,
          "column": 28
        }
      },
      "21": {
        "start": {
          "line": 49,
          "column": 8
        },
        "end": {
          "line": 49,
          "column": 41
        }
      },
      "22": {
        "start": {
          "line": 50,
          "column": 8
        },
        "end": {
          "line": 50,
          "column": 14
        }
      },
      "23": {
        "start": {
          "line": 53,
          "column": 8
        },
        "end": {
          "line": 53,
          "column": 68
        }
      },
      "24": {
        "start": {
          "line": 54,
          "column": 8
        },
        "end": {
          "line": 54,
          "column": 14
        }
      },
      "25": {
        "start": {
          "line": 57,
          "column": 4
        },
        "end": {
          "line": 63,
          "column": 5
        }
      },
      "26": {
        "start": {
          "line": 60,
          "column": 8
        },
        "end": {
          "line": 60,
          "column": 28
        }
      },
      "27": {
        "start": {
          "line": 61,
          "column": 8
        },
        "end": {
          "line": 61,
          "column": 41
        }
      },
      "28": {
        "start": {
          "line": 62,
          "column": 8
        },
        "end": {
          "line": 62,
          "column": 14
        }
      },
      "29": {
        "start": {
          "line": 66,
          "column": 4
        },
        "end": {
          "line": 66,
          "column": 30
        }
      },
      "30": {
        "start": {
          "line": 71,
          "column": 31
        },
        "end": {
          "line": 71,
          "column": 49
        }
      }
    },
    "fnMap": {
      "0": {
        "name": "handleGetFlowError",
        "decl": {
          "start": {
            "line": 7,
            "column": 16
          },
          "end": {
            "line": 7,
            "column": 34
          }
        },
        "loc": {
          "start": {
            "line": 11,
            "column": 2
          },
          "end": {
            "line": 68,
            "column": 1
          }
        },
        "line": 11
      },
      "1": {
        "name": "(anonymous_1)",
        "decl": {
          "start": {
            "line": 12,
            "column": 9
          },
          "end": {
            "line": 12,
            "column": 10
          }
        },
        "loc": {
          "start": {
            "line": 12,
            "column": 36
          },
          "end": {
            "line": 67,
            "column": 3
          }
        },
        "line": 12
      }
    },
    "branchMap": {
      "0": {
        "loc": {
          "start": {
            "line": 13,
            "column": 4
          },
          "end": {
            "line": 55,
            "column": 5
          }
        },
        "type": "switch",
        "locations": [
          {
            "start": {
              "line": 14,
              "column": 6
            },
            "end": {
              "line": 17,
              "column": 14
            }
          },
          {
            "start": {
              "line": 18,
              "column": 6
            },
            "end": {
              "line": 21,
              "column": 14
            }
          },
          {
            "start": {
              "line": 22,
              "column": 6
            },
            "end": {
              "line": 25,
              "column": 14
            }
          },
          {
            "start": {
              "line": 26,
              "column": 6
            },
            "end": {
              "line": 31,
              "column": 14
            }
          },
          {
            "start": {
              "line": 32,
              "column": 6
            },
            "end": {
              "line": 37,
              "column": 14
            }
          },
          {
            "start": {
              "line": 38,
              "column": 6
            },
            "end": {
              "line": 45,
              "column": 14
            }
          },
          {
            "start": {
              "line": 46,
              "column": 6
            },
            "end": {
              "line": 50,
              "column": 14
            }
          },
          {
            "start": {
              "line": 51,
              "column": 6
            },
            "end": {
              "line": 54,
              "column": 14
            }
          }
        ],
        "line": 13
      },
      "1": {
        "loc": {
          "start": {
            "line": 57,
            "column": 4
          },
          "end": {
            "line": 63,
            "column": 5
          }
        },
        "type": "switch",
        "locations": [
          {
            "start": {
              "line": 58,
              "column": 6
            },
            "end": {
              "line": 62,
              "column": 14
            }
          }
        ],
        "line": 57
      }
    },
    "s": {
      "0": 6,
      "1": 0,
      "2": 0,
      "3": 0,
      "4": 0,
      "5": 0,
      "6": 0,
      "7": 0,
      "8": 0,
      "9": 0,
      "10": 0,
      "11": 0,
      "12": 0,
      "13": 0,
      "14": 0,
      "15": 0,
      "16": 0,
      "17": 0,
      "18": 0,
      "19": 0,
      "20": 0,
      "21": 0,
      "22": 0,
      "23": 0,
      "24": 0,
      "25": 0,
      "26": 0,
      "27": 0,
      "28": 0,
      "29": 0,
      "30": 6
    },
    "f": {
      "0": 6,
      "1": 0
    },
    "b": {
      "0": [0, 0, 0, 0, 0, 0, 0, 0],
      "1": [0]
    },
    "_coverageSchema": "1a1c01bbd47fc00a2c39e90264f33305004495a9",
    "hash": "21577f60a1eb1611a72872f850c628805754475e"
  },
  "/Users/claudevernetmichel/Documents/mvp-frontend/pages/recovery.tsx": {
    "path": "/Users/claudevernetmichel/Documents/mvp-frontend/pages/recovery.tsx",
    "statementMap": {
      "0": {
        "start": {
          "line": 17,
          "column": 27
        },
        "end": {
          "line": 102,
          "column": 1
        }
      },
      "1": {
        "start": {
          "line": 18,
          "column": 26
        },
        "end": {
          "line": 18,
          "column": 61
        }
      },
      "2": {
        "start": {
          "line": 21,
          "column": 17
        },
        "end": {
          "line": 21,
          "column": 28
        }
      },
      "3": {
        "start": {
          "line": 22,
          "column": 48
        },
        "end": {
          "line": 22,
          "column": 60
        }
      },
      "4": {
        "start": {
          "line": 24,
          "column": 2
        },
        "end": {
          "line": 58,
          "column": 54
        }
      },
      "5": {
        "start": {
          "line": 26,
          "column": 4
        },
        "end": {
          "line": 28,
          "column": 5
        }
      },
      "6": {
        "start": {
          "line": 27,
          "column": 6
        },
        "end": {
          "line": 27,
          "column": 12
        }
      },
      "7": {
        "start": {
          "line": 31,
          "column": 4
        },
        "end": {
          "line": 39,
          "column": 5
        }
      },
      "8": {
        "start": {
          "line": 32,
          "column": 6
        },
        "end": {
          "line": 37,
          "column": 60
        }
      },
      "9": {
        "start": {
          "line": 35,
          "column": 10
        },
        "end": {
          "line": 35,
          "column": 23
        }
      },
      "10": {
        "start": {
          "line": 38,
          "column": 6
        },
        "end": {
          "line": 38,
          "column": 12
        }
      },
      "11": {
        "start": {
          "line": 42,
          "column": 4
        },
        "end": {
          "line": 57,
          "column": 8
        }
      },
      "12": {
        "start": {
          "line": 45,
          "column": 8
        },
        "end": {
          "line": 45,
          "column": 21
        }
      },
      "13": {
        "start": {
          "line": 50,
          "column": 8
        },
        "end": {
          "line": 54,
          "column": 9
        }
      },
      "14": {
        "start": {
          "line": 52,
          "column": 10
        },
        "end": {
          "line": 52,
          "column": 37
        }
      },
      "15": {
        "start": {
          "line": 53,
          "column": 10
        },
        "end": {
          "line": 53,
          "column": 16
        }
      },
      "16": {
        "start": {
          "line": 56,
          "column": 8
        },
        "end": {
          "line": 56,
          "column": 34
        }
      },
      "17": {
        "start": {
          "line": 60,
          "column": 19
        },
        "end": {
          "line": 83,
          "column": 7
        }
      },
      "18": {
        "start": {
          "line": 61,
          "column": 4
        },
        "end": {
          "line": 83,
          "column": 7
        }
      },
      "19": {
        "start": {
          "line": 66,
          "column": 8
        },
        "end": {
          "line": 82,
          "column": 12
        }
      },
      "20": {
        "start": {
          "line": 70,
          "column": 12
        },
        "end": {
          "line": 70,
          "column": 25
        }
      },
      "21": {
        "start": {
          "line": 74,
          "column": 12
        },
        "end": {
          "line": 79,
          "column": 13
        }
      },
      "22": {
        "start": {
          "line": 77,
          "column": 16
        },
        "end": {
          "line": 77,
          "column": 43
        }
      },
      "23": {
        "start": {
          "line": 78,
          "column": 16
        },
        "end": {
          "line": 78,
          "column": 22
        }
      },
      "24": {
        "start": {
          "line": 81,
          "column": 12
        },
        "end": {
          "line": 81,
          "column": 21
        }
      },
      "25": {
        "start": {
          "line": 85,
          "column": 2
        },
        "end": {
          "line": 101,
          "column": 3
        }
      }
    },
    "fnMap": {
      "0": {
        "name": "(anonymous_0)",
        "decl": {
          "start": {
            "line": 17,
            "column": 27
          },
          "end": {
            "line": 17,
            "column": 28
          }
        },
        "loc": {
          "start": {
            "line": 17,
            "column": 33
          },
          "end": {
            "line": 102,
            "column": 1
          }
        },
        "line": 17
      },
      "1": {
        "name": "(anonymous_1)",
        "decl": {
          "start": {
            "line": 24,
            "column": 12
          },
          "end": {
            "line": 24,
            "column": 13
          }
        },
        "loc": {
          "start": {
            "line": 24,
            "column": 18
          },
          "end": {
            "line": 58,
            "column": 3
          }
        },
        "line": 24
      },
      "2": {
        "name": "(anonymous_2)",
        "decl": {
          "start": {
            "line": 34,
            "column": 14
          },
          "end": {
            "line": 34,
            "column": 15
          }
        },
        "loc": {
          "start": {
            "line": 34,
            "column": 28
          },
          "end": {
            "line": 36,
            "column": 9
          }
        },
        "line": 34
      },
      "3": {
        "name": "(anonymous_3)",
        "decl": {
          "start": {
            "line": 44,
            "column": 12
          },
          "end": {
            "line": 44,
            "column": 13
          }
        },
        "loc": {
          "start": {
            "line": 44,
            "column": 26
          },
          "end": {
            "line": 46,
            "column": 7
          }
        },
        "line": 44
      },
      "4": {
        "name": "(anonymous_4)",
        "decl": {
          "start": {
            "line": 48,
            "column": 13
          },
          "end": {
            "line": 48,
            "column": 14
          }
        },
        "loc": {
          "start": {
            "line": 48,
            "column": 34
          },
          "end": {
            "line": 57,
            "column": 7
          }
        },
        "line": 48
      },
      "5": {
        "name": "(anonymous_5)",
        "decl": {
          "start": {
            "line": 60,
            "column": 19
          },
          "end": {
            "line": 60,
            "column": 20
          }
        },
        "loc": {
          "start": {
            "line": 61,
            "column": 4
          },
          "end": {
            "line": 83,
            "column": 7
          }
        },
        "line": 61
      },
      "6": {
        "name": "(anonymous_6)",
        "decl": {
          "start": {
            "line": 65,
            "column": 12
          },
          "end": {
            "line": 65,
            "column": 13
          }
        },
        "loc": {
          "start": {
            "line": 66,
            "column": 8
          },
          "end": {
            "line": 82,
            "column": 12
          }
        },
        "line": 66
      },
      "7": {
        "name": "(anonymous_7)",
        "decl": {
          "start": {
            "line": 68,
            "column": 16
          },
          "end": {
            "line": 68,
            "column": 17
          }
        },
        "loc": {
          "start": {
            "line": 68,
            "column": 30
          },
          "end": {
            "line": 71,
            "column": 11
          }
        },
        "line": 68
      },
      "8": {
        "name": "(anonymous_8)",
        "decl": {
          "start": {
            "line": 73,
            "column": 17
          },
          "end": {
            "line": 73,
            "column": 18
          }
        },
        "loc": {
          "start": {
            "line": 73,
            "column": 38
          },
          "end": {
            "line": 82,
            "column": 11
          }
        },
        "line": 73
      }
    },
    "branchMap": {
      "0": {
        "loc": {
          "start": {
            "line": 26,
            "column": 4
          },
          "end": {
            "line": 28,
            "column": 5
          }
        },
        "type": "if",
        "locations": [
          {
            "start": {
              "line": 26,
              "column": 4
            },
            "end": {
              "line": 28,
              "column": 5
            }
          },
          {
            "start": {},
            "end": {}
          }
        ],
        "line": 26
      },
      "1": {
        "loc": {
          "start": {
            "line": 26,
            "column": 8
          },
          "end": {
            "line": 26,
            "column": 31
          }
        },
        "type": "binary-expr",
        "locations": [
          {
            "start": {
              "line": 26,
              "column": 8
            },
            "end": {
              "line": 26,
              "column": 23
            }
          },
          {
            "start": {
              "line": 26,
              "column": 27
            },
            "end": {
              "line": 26,
              "column": 31
            }
          }
        ],
        "line": 26
      },
      "2": {
        "loc": {
          "start": {
            "line": 31,
            "column": 4
          },
          "end": {
            "line": 39,
            "column": 5
          }
        },
        "type": "if",
        "locations": [
          {
            "start": {
              "line": 31,
              "column": 4
            },
            "end": {
              "line": 39,
              "column": 5
            }
          },
          {
            "start": {},
            "end": {}
          }
        ],
        "line": 31
      },
      "3": {
        "loc": {
          "start": {
            "line": 50,
            "column": 8
          },
          "end": {
            "line": 54,
            "column": 9
          }
        },
        "type": "if",
        "locations": [
          {
            "start": {
              "line": 50,
              "column": 8
            },
            "end": {
              "line": 54,
              "column": 9
            }
          },
          {
            "start": {},
            "end": {}
          }
        ],
        "line": 50
      },
      "4": {
        "loc": {
          "start": {
            "line": 74,
            "column": 12
          },
          "end": {
            "line": 79,
            "column": 13
          }
        },
        "type": "switch",
        "locations": [
          {
            "start": {
              "line": 75,
              "column": 14
            },
            "end": {
              "line": 78,
              "column": 22
            }
          }
        ],
        "line": 74
      }
    },
    "s": {
      "0": 6,
      "1": 0,
      "2": 0,
      "3": 0,
      "4": 0,
      "5": 0,
      "6": 0,
      "7": 0,
      "8": 0,
      "9": 0,
      "10": 0,
      "11": 0,
      "12": 0,
      "13": 0,
      "14": 0,
      "15": 0,
      "16": 0,
      "17": 0,
      "18": 0,
      "19": 0,
      "20": 0,
      "21": 0,
      "22": 0,
      "23": 0,
      "24": 0,
      "25": 0
    },
    "f": {
      "0": 0,
      "1": 0,
      "2": 0,
      "3": 0,
      "4": 0,
      "5": 0,
      "6": 0,
      "7": 0,
      "8": 0
    },
    "b": {
      "0": [0, 0],
      "1": [0, 0],
      "2": [0, 0],
      "3": [0, 0],
      "4": [0]
    },
    "_coverageSchema": "1a1c01bbd47fc00a2c39e90264f33305004495a9",
    "hash": "48f6cafc9873c27a0df3ef16d29f4675e3e2d30a"
  },
  "/Users/claudevernetmichel/Documents/mvp-frontend/pages/registration.tsx": {
    "path": "/Users/claudevernetmichel/Documents/mvp-frontend/pages/registration.tsx",
    "statementMap": {
      "0": {
        "start": {
          "line": 19,
          "column": 31
        },
        "end": {
          "line": 108,
          "column": 1
        }
      },
      "1": {
        "start": {
          "line": 20,
          "column": 17
        },
        "end": {
          "line": 20,
          "column": 28
        }
      },
      "2": {
        "start": {
          "line": 24,
          "column": 26
        },
        "end": {
          "line": 24,
          "column": 65
        }
      },
      "3": {
        "start": {
          "line": 27,
          "column": 48
        },
        "end": {
          "line": 27,
          "column": 60
        }
      },
      "4": {
        "start": {
          "line": 30,
          "column": 2
        },
        "end": {
          "line": 59,
          "column": 54
        }
      },
      "5": {
        "start": {
          "line": 31,
          "column": 4
        },
        "end": {
          "line": 31,
          "column": 31
        }
      },
      "6": {
        "start": {
          "line": 32,
          "column": 4
        },
        "end": {
          "line": 32,
          "column": 21
        }
      },
      "7": {
        "start": {
          "line": 34,
          "column": 4
        },
        "end": {
          "line": 36,
          "column": 5
        }
      },
      "8": {
        "start": {
          "line": 35,
          "column": 6
        },
        "end": {
          "line": 35,
          "column": 12
        }
      },
      "9": {
        "start": {
          "line": 39,
          "column": 4
        },
        "end": {
          "line": 48,
          "column": 5
        }
      },
      "10": {
        "start": {
          "line": 40,
          "column": 6
        },
        "end": {
          "line": 46,
          "column": 64
        }
      },
      "11": {
        "start": {
          "line": 44,
          "column": 10
        },
        "end": {
          "line": 44,
          "column": 23
        }
      },
      "12": {
        "start": {
          "line": 47,
          "column": 6
        },
        "end": {
          "line": 47,
          "column": 12
        }
      },
      "13": {
        "start": {
          "line": 51,
          "column": 4
        },
        "end": {
          "line": 58,
          "column": 62
        }
      },
      "14": {
        "start": {
          "line": 56,
          "column": 8
        },
        "end": {
          "line": 56,
          "column": 21
        }
      },
      "15": {
        "start": {
          "line": 61,
          "column": 19
        },
        "end": {
          "line": 89,
          "column": 7
        }
      },
      "16": {
        "start": {
          "line": 62,
          "column": 4
        },
        "end": {
          "line": 89,
          "column": 7
        }
      },
      "17": {
        "start": {
          "line": 67,
          "column": 8
        },
        "end": {
          "line": 88,
          "column": 12
        }
      },
      "18": {
        "start": {
          "line": 73,
          "column": 12
        },
        "end": {
          "line": 73,
          "column": 74
        }
      },
      "19": {
        "start": {
          "line": 76,
          "column": 12
        },
        "end": {
          "line": 76,
          "column": 69
        }
      },
      "20": {
        "start": {
          "line": 81,
          "column": 12
        },
        "end": {
          "line": 85,
          "column": 13
        }
      },
      "21": {
        "start": {
          "line": 83,
          "column": 14
        },
        "end": {
          "line": 83,
          "column": 41
        }
      },
      "22": {
        "start": {
          "line": 84,
          "column": 14
        },
        "end": {
          "line": 84,
          "column": 20
        }
      },
      "23": {
        "start": {
          "line": 87,
          "column": 12
        },
        "end": {
          "line": 87,
          "column": 38
        }
      },
      "24": {
        "start": {
          "line": 91,
          "column": 2
        },
        "end": {
          "line": 107,
          "column": 3
        }
      }
    },
    "fnMap": {
      "0": {
        "name": "(anonymous_0)",
        "decl": {
          "start": {
            "line": 19,
            "column": 31
          },
          "end": {
            "line": 19,
            "column": 32
          }
        },
        "loc": {
          "start": {
            "line": 19,
            "column": 37
          },
          "end": {
            "line": 108,
            "column": 1
          }
        },
        "line": 19
      },
      "1": {
        "name": "(anonymous_1)",
        "decl": {
          "start": {
            "line": 30,
            "column": 12
          },
          "end": {
            "line": 30,
            "column": 13
          }
        },
        "loc": {
          "start": {
            "line": 30,
            "column": 18
          },
          "end": {
            "line": 59,
            "column": 3
          }
        },
        "line": 30
      },
      "2": {
        "name": "(anonymous_2)",
        "decl": {
          "start": {
            "line": 42,
            "column": 14
          },
          "end": {
            "line": 42,
            "column": 15
          }
        },
        "loc": {
          "start": {
            "line": 42,
            "column": 28
          },
          "end": {
            "line": 45,
            "column": 9
          }
        },
        "line": 42
      },
      "3": {
        "name": "(anonymous_3)",
        "decl": {
          "start": {
            "line": 55,
            "column": 12
          },
          "end": {
            "line": 55,
            "column": 13
          }
        },
        "loc": {
          "start": {
            "line": 55,
            "column": 26
          },
          "end": {
            "line": 57,
            "column": 7
          }
        },
        "line": 55
      },
      "4": {
        "name": "(anonymous_4)",
        "decl": {
          "start": {
            "line": 61,
            "column": 19
          },
          "end": {
            "line": 61,
            "column": 20
          }
        },
        "loc": {
          "start": {
            "line": 62,
            "column": 4
          },
          "end": {
            "line": 89,
            "column": 7
          }
        },
        "line": 62
      },
      "5": {
        "name": "(anonymous_5)",
        "decl": {
          "start": {
            "line": 66,
            "column": 12
          },
          "end": {
            "line": 66,
            "column": 13
          }
        },
        "loc": {
          "start": {
            "line": 67,
            "column": 8
          },
          "end": {
            "line": 88,
            "column": 12
          }
        },
        "line": 67
      },
      "6": {
        "name": "(anonymous_6)",
        "decl": {
          "start": {
            "line": 69,
            "column": 16
          },
          "end": {
            "line": 69,
            "column": 17
          }
        },
        "loc": {
          "start": {
            "line": 69,
            "column": 30
          },
          "end": {
            "line": 77,
            "column": 11
          }
        },
        "line": 69
      },
      "7": {
        "name": "(anonymous_7)",
        "decl": {
          "start": {
            "line": 76,
            "column": 60
          },
          "end": {
            "line": 76,
            "column": 61
          }
        },
        "loc": {
          "start": {
            "line": 76,
            "column": 66
          },
          "end": {
            "line": 76,
            "column": 68
          }
        },
        "line": 76
      },
      "8": {
        "name": "(anonymous_8)",
        "decl": {
          "start": {
            "line": 79,
            "column": 17
          },
          "end": {
            "line": 79,
            "column": 18
          }
        },
        "loc": {
          "start": {
            "line": 79,
            "column": 38
          },
          "end": {
            "line": 88,
            "column": 11
          }
        },
        "line": 79
      }
    },
    "branchMap": {
      "0": {
        "loc": {
          "start": {
            "line": 34,
            "column": 4
          },
          "end": {
            "line": 36,
            "column": 5
          }
        },
        "type": "if",
        "locations": [
          {
            "start": {
              "line": 34,
              "column": 4
            },
            "end": {
              "line": 36,
              "column": 5
            }
          },
          {
            "start": {},
            "end": {}
          }
        ],
        "line": 34
      },
      "1": {
        "loc": {
          "start": {
            "line": 34,
            "column": 8
          },
          "end": {
            "line": 34,
            "column": 31
          }
        },
        "type": "binary-expr",
        "locations": [
          {
            "start": {
              "line": 34,
              "column": 8
            },
            "end": {
              "line": 34,
              "column": 23
            }
          },
          {
            "start": {
              "line": 34,
              "column": 27
            },
            "end": {
              "line": 34,
              "column": 31
            }
          }
        ],
        "line": 34
      },
      "2": {
        "loc": {
          "start": {
            "line": 39,
            "column": 4
          },
          "end": {
            "line": 48,
            "column": 5
          }
        },
        "type": "if",
        "locations": [
          {
            "start": {
              "line": 39,
              "column": 4
            },
            "end": {
              "line": 48,
              "column": 5
            }
          },
          {
            "start": {},
            "end": {}
          }
        ],
        "line": 39
      },
      "3": {
        "loc": {
          "start": {
            "line": 53,
            "column": 8
          },
          "end": {
            "line": 53,
            "column": 47
          }
        },
        "type": "cond-expr",
        "locations": [
          {
            "start": {
              "line": 53,
              "column": 19
            },
            "end": {
              "line": 53,
              "column": 35
            }
          },
          {
            "start": {
              "line": 53,
              "column": 38
            },
            "end": {
              "line": 53,
              "column": 47
            }
          }
        ],
        "line": 53
      },
      "4": {
        "loc": {
          "start": {
            "line": 76,
            "column": 31
          },
          "end": {
            "line": 76,
            "column": 53
          }
        },
        "type": "binary-expr",
        "locations": [
          {
            "start": {
              "line": 76,
              "column": 31
            },
            "end": {
              "line": 76,
              "column": 46
            }
          },
          {
            "start": {
              "line": 76,
              "column": 50
            },
            "end": {
              "line": 76,
              "column": 53
            }
          }
        ],
        "line": 76
      },
      "5": {
        "loc": {
          "start": {
            "line": 81,
            "column": 12
          },
          "end": {
            "line": 85,
            "column": 13
          }
        },
        "type": "if",
        "locations": [
          {
            "start": {
              "line": 81,
              "column": 12
            },
            "end": {
              "line": 85,
              "column": 13
            }
          },
          {
            "start": {},
            "end": {}
          }
        ],
        "line": 81
      }
    },
    "s": {
      "0": 6,
      "1": 14,
      "2": 12,
      "3": 12,
      "4": 12,
      "5": 6,
      "6": 6,
      "7": 6,
      "8": 4,
      "9": 2,
      "10": 0,
      "11": 0,
      "12": 0,
      "13": 2,
      "14": 2,
      "15": 12,
      "16": 2,
      "17": 2,
      "18": 2,
      "19": 2,
      "20": 0,
      "21": 0,
      "22": 0,
      "23": 0,
      "24": 12
    },
    "f": {
      "0": 14,
      "1": 6,
      "2": 0,
      "3": 2,
      "4": 2,
      "5": 2,
      "6": 2,
      "7": 2,
      "8": 0
    },
    "b": {
      "0": [4, 2],
      "1": [6, 6],
      "2": [0, 2],
      "3": [0, 2],
      "4": [2, 2],
      "5": [0, 0]
    },
    "_coverageSchema": "1a1c01bbd47fc00a2c39e90264f33305004495a9",
    "hash": "ec733f477d0710f79a660a8bb290505a37daca8a"
  },
  "/Users/claudevernetmichel/Documents/mvp-frontend/pages/settings.tsx": {
    "path": "/Users/claudevernetmichel/Documents/mvp-frontend/pages/settings.tsx",
    "statementMap": {
      "0": {
        "start": {
          "line": 27,
          "column": 2
        },
        "end": {
          "line": 29,
          "column": 3
        }
      },
      "1": {
        "start": {
          "line": 28,
          "column": 4
        },
        "end": {
          "line": 28,
          "column": 15
        }
      },
      "2": {
        "start": {
          "line": 31,
          "column": 16
        },
        "end": {
          "line": 33,
          "column": 19
        }
      },
      "3": {
        "start": {
          "line": 32,
          "column": 42
        },
        "end": {
          "line": 32,
          "column": 56
        }
      },
      "4": {
        "start": {
          "line": 35,
          "column": 2
        },
        "end": {
          "line": 37,
          "column": 3
        }
      },
      "5": {
        "start": {
          "line": 36,
          "column": 4
        },
        "end": {
          "line": 36,
          "column": 15
        }
      },
      "6": {
        "start": {
          "line": 39,
          "column": 2
        },
        "end": {
          "line": 39,
          "column": 49
        }
      },
      "7": {
        "start": {
          "line": 42,
          "column": 27
        },
        "end": {
          "line": 206,
          "column": 1
        }
      },
      "8": {
        "start": {
          "line": 43,
          "column": 26
        },
        "end": {
          "line": 43,
          "column": 61
        }
      },
      "9": {
        "start": {
          "line": 46,
          "column": 17
        },
        "end": {
          "line": 46,
          "column": 28
        }
      },
      "10": {
        "start": {
          "line": 47,
          "column": 48
        },
        "end": {
          "line": 47,
          "column": 60
        }
      },
      "11": {
        "start": {
          "line": 49,
          "column": 2
        },
        "end": {
          "line": 75,
          "column": 54
        }
      },
      "12": {
        "start": {
          "line": 51,
          "column": 4
        },
        "end": {
          "line": 53,
          "column": 5
        }
      },
      "13": {
        "start": {
          "line": 52,
          "column": 6
        },
        "end": {
          "line": 52,
          "column": 12
        }
      },
      "14": {
        "start": {
          "line": 56,
          "column": 4
        },
        "end": {
          "line": 64,
          "column": 5
        }
      },
      "15": {
        "start": {
          "line": 57,
          "column": 6
        },
        "end": {
          "line": 62,
          "column": 60
        }
      },
      "16": {
        "start": {
          "line": 60,
          "column": 10
        },
        "end": {
          "line": 60,
          "column": 23
        }
      },
      "17": {
        "start": {
          "line": 63,
          "column": 6
        },
        "end": {
          "line": 63,
          "column": 12
        }
      },
      "18": {
        "start": {
          "line": 67,
          "column": 4
        },
        "end": {
          "line": 74,
          "column": 58
        }
      },
      "19": {
        "start": {
          "line": 72,
          "column": 8
        },
        "end": {
          "line": 72,
          "column": 21
        }
      },
      "20": {
        "start": {
          "line": 77,
          "column": 19
        },
        "end": {
          "line": 100,
          "column": 7
        }
      },
      "21": {
        "start": {
          "line": 78,
          "column": 4
        },
        "end": {
          "line": 100,
          "column": 7
        }
      },
      "22": {
        "start": {
          "line": 83,
          "column": 8
        },
        "end": {
          "line": 99,
          "column": 12
        }
      },
      "23": {
        "start": {
          "line": 87,
          "column": 12
        },
        "end": {
          "line": 87,
          "column": 25
        }
      },
      "24": {
        "start": {
          "line": 92,
          "column": 12
        },
        "end": {
          "line": 96,
          "column": 13
        }
      },
      "25": {
        "start": {
          "line": 94,
          "column": 14
        },
        "end": {
          "line": 94,
          "column": 41
        }
      },
      "26": {
        "start": {
          "line": 95,
          "column": 14
        },
        "end": {
          "line": 95,
          "column": 20
        }
      },
      "27": {
        "start": {
          "line": 98,
          "column": 12
        },
        "end": {
          "line": 98,
          "column": 38
        }
      },
      "28": {
        "start": {
          "line": 102,
          "column": 2
        },
        "end": {
          "line": 205,
          "column": 3
        }
      }
    },
    "fnMap": {
      "0": {
        "name": "SettingsCard",
        "decl": {
          "start": {
            "line": 22,
            "column": 9
          },
          "end": {
            "line": 22,
            "column": 21
          }
        },
        "loc": {
          "start": {
            "line": 26,
            "column": 36
          },
          "end": {
            "line": 40,
            "column": 1
          }
        },
        "line": 26
      },
      "1": {
        "name": "(anonymous_1)",
        "decl": {
          "start": {
            "line": 32,
            "column": 27
          },
          "end": {
            "line": 32,
            "column": 28
          }
        },
        "loc": {
          "start": {
            "line": 32,
            "column": 42
          },
          "end": {
            "line": 32,
            "column": 56
          }
        },
        "line": 32
      },
      "2": {
        "name": "(anonymous_2)",
        "decl": {
          "start": {
            "line": 42,
            "column": 27
          },
          "end": {
            "line": 42,
            "column": 28
          }
        },
        "loc": {
          "start": {
            "line": 42,
            "column": 33
          },
          "end": {
            "line": 206,
            "column": 1
          }
        },
        "line": 42
      },
      "3": {
        "name": "(anonymous_3)",
        "decl": {
          "start": {
            "line": 49,
            "column": 12
          },
          "end": {
            "line": 49,
            "column": 13
          }
        },
        "loc": {
          "start": {
            "line": 49,
            "column": 18
          },
          "end": {
            "line": 75,
            "column": 3
          }
        },
        "line": 49
      },
      "4": {
        "name": "(anonymous_4)",
        "decl": {
          "start": {
            "line": 59,
            "column": 14
          },
          "end": {
            "line": 59,
            "column": 15
          }
        },
        "loc": {
          "start": {
            "line": 59,
            "column": 28
          },
          "end": {
            "line": 61,
            "column": 9
          }
        },
        "line": 59
      },
      "5": {
        "name": "(anonymous_5)",
        "decl": {
          "start": {
            "line": 71,
            "column": 12
          },
          "end": {
            "line": 71,
            "column": 13
          }
        },
        "loc": {
          "start": {
            "line": 71,
            "column": 26
          },
          "end": {
            "line": 73,
            "column": 7
          }
        },
        "line": 71
      },
      "6": {
        "name": "(anonymous_6)",
        "decl": {
          "start": {
            "line": 77,
            "column": 19
          },
          "end": {
            "line": 77,
            "column": 20
          }
        },
        "loc": {
          "start": {
            "line": 78,
            "column": 4
          },
          "end": {
            "line": 100,
            "column": 7
          }
        },
        "line": 78
      },
      "7": {
        "name": "(anonymous_7)",
        "decl": {
          "start": {
            "line": 82,
            "column": 12
          },
          "end": {
            "line": 82,
            "column": 13
          }
        },
        "loc": {
          "start": {
            "line": 83,
            "column": 8
          },
          "end": {
            "line": 99,
            "column": 12
          }
        },
        "line": 83
      },
      "8": {
        "name": "(anonymous_8)",
        "decl": {
          "start": {
            "line": 85,
            "column": 16
          },
          "end": {
            "line": 85,
            "column": 17
          }
        },
        "loc": {
          "start": {
            "line": 85,
            "column": 30
          },
          "end": {
            "line": 88,
            "column": 11
          }
        },
        "line": 85
      },
      "9": {
        "name": "(anonymous_9)",
        "decl": {
          "start": {
            "line": 90,
            "column": 17
          },
          "end": {
            "line": 90,
            "column": 18
          }
        },
        "loc": {
          "start": {
            "line": 90,
            "column": 44
          },
          "end": {
            "line": 99,
            "column": 11
          }
        },
        "line": 90
      }
    },
    "branchMap": {
      "0": {
        "loc": {
          "start": {
            "line": 27,
            "column": 2
          },
          "end": {
            "line": 29,
            "column": 3
          }
        },
        "type": "if",
        "locations": [
          {
            "start": {
              "line": 27,
              "column": 2
            },
            "end": {
              "line": 29,
              "column": 3
            }
          },
          {
            "start": {},
            "end": {}
          }
        ],
        "line": 27
      },
      "1": {
        "loc": {
          "start": {
            "line": 31,
            "column": 16
          },
          "end": {
            "line": 33,
            "column": 19
          }
        },
        "type": "cond-expr",
        "locations": [
          {
            "start": {
              "line": 32,
              "column": 6
            },
            "end": {
              "line": 32,
              "column": 57
            }
          },
          {
            "start": {
              "line": 33,
              "column": 6
            },
            "end": {
              "line": 33,
              "column": 19
            }
          }
        ],
        "line": 31
      },
      "2": {
        "loc": {
          "start": {
            "line": 35,
            "column": 2
          },
          "end": {
            "line": 37,
            "column": 3
          }
        },
        "type": "if",
        "locations": [
          {
            "start": {
              "line": 35,
              "column": 2
            },
            "end": {
              "line": 37,
              "column": 3
            }
          },
          {
            "start": {},
            "end": {}
          }
        ],
        "line": 35
      },
      "3": {
        "loc": {
          "start": {
            "line": 51,
            "column": 4
          },
          "end": {
            "line": 53,
            "column": 5
          }
        },
        "type": "if",
        "locations": [
          {
            "start": {
              "line": 51,
              "column": 4
            },
            "end": {
              "line": 53,
              "column": 5
            }
          },
          {
            "start": {},
            "end": {}
          }
        ],
        "line": 51
      },
      "4": {
        "loc": {
          "start": {
            "line": 51,
            "column": 8
          },
          "end": {
            "line": 51,
            "column": 31
          }
        },
        "type": "binary-expr",
        "locations": [
          {
            "start": {
              "line": 51,
              "column": 8
            },
            "end": {
              "line": 51,
              "column": 23
            }
          },
          {
            "start": {
              "line": 51,
              "column": 27
            },
            "end": {
              "line": 51,
              "column": 31
            }
          }
        ],
        "line": 51
      },
      "5": {
        "loc": {
          "start": {
            "line": 56,
            "column": 4
          },
          "end": {
            "line": 64,
            "column": 5
          }
        },
        "type": "if",
        "locations": [
          {
            "start": {
              "line": 56,
              "column": 4
            },
            "end": {
              "line": 64,
              "column": 5
            }
          },
          {
            "start": {},
            "end": {}
          }
        ],
        "line": 56
      },
      "6": {
        "loc": {
          "start": {
            "line": 69,
            "column": 8
          },
          "end": {
            "line": 69,
            "column": 47
          }
        },
        "type": "cond-expr",
        "locations": [
          {
            "start": {
              "line": 69,
              "column": 19
            },
            "end": {
              "line": 69,
              "column": 35
            }
          },
          {
            "start": {
              "line": 69,
              "column": 38
            },
            "end": {
              "line": 69,
              "column": 47
            }
          }
        ],
        "line": 69
      },
      "7": {
        "loc": {
          "start": {
            "line": 92,
            "column": 12
          },
          "end": {
            "line": 96,
            "column": 13
          }
        },
        "type": "if",
        "locations": [
          {
            "start": {
              "line": 92,
              "column": 12
            },
            "end": {
              "line": 96,
              "column": 13
            }
          },
          {
            "start": {},
            "end": {}
          }
        ],
        "line": 92
      }
    },
    "s": {
      "0": 0,
      "1": 0,
      "2": 0,
      "3": 0,
      "4": 0,
      "5": 0,
      "6": 0,
      "7": 6,
      "8": 0,
      "9": 0,
      "10": 0,
      "11": 0,
      "12": 0,
      "13": 0,
      "14": 0,
      "15": 0,
      "16": 0,
      "17": 0,
      "18": 0,
      "19": 0,
      "20": 0,
      "21": 0,
      "22": 0,
      "23": 0,
      "24": 0,
      "25": 0,
      "26": 0,
      "27": 0,
      "28": 0
    },
    "f": {
      "0": 0,
      "1": 0,
      "2": 0,
      "3": 0,
      "4": 0,
      "5": 0,
      "6": 0,
      "7": 0,
      "8": 0,
      "9": 0
    },
    "b": {
      "0": [0, 0],
      "1": [0, 0],
      "2": [0, 0],
      "3": [0, 0],
      "4": [0, 0],
      "5": [0, 0],
      "6": [0, 0],
      "7": [0, 0]
    },
    "_coverageSchema": "1a1c01bbd47fc00a2c39e90264f33305004495a9",
    "hash": "810c9aadbcf45d379ba54cb66c35fc84d672b9e6"
  },
  "/Users/claudevernetmichel/Documents/mvp-frontend/pages/verification.tsx": {
    "path": "/Users/claudevernetmichel/Documents/mvp-frontend/pages/verification.tsx",
    "statementMap": {
      "0": {
        "start": {
          "line": 16,
          "column": 31
        },
        "end": {
          "line": 114,
          "column": 1
        }
      },
      "1": {
        "start": {
          "line": 17,
          "column": 26
        },
        "end": {
          "line": 17,
          "column": 65
        }
      },
      "2": {
        "start": {
          "line": 20,
          "column": 17
        },
        "end": {
          "line": 20,
          "column": 28
        }
      },
      "3": {
        "start": {
          "line": 21,
          "column": 48
        },
        "end": {
          "line": 21,
          "column": 60
        }
      },
      "4": {
        "start": {
          "line": 23,
          "column": 2
        },
        "end": {
          "line": 67,
          "column": 54
        }
      },
      "5": {
        "start": {
          "line": 25,
          "column": 4
        },
        "end": {
          "line": 27,
          "column": 5
        }
      },
      "6": {
        "start": {
          "line": 26,
          "column": 6
        },
        "end": {
          "line": 26,
          "column": 12
        }
      },
      "7": {
        "start": {
          "line": 30,
          "column": 4
        },
        "end": {
          "line": 48,
          "column": 5
        }
      },
      "8": {
        "start": {
          "line": 31,
          "column": 6
        },
        "end": {
          "line": 46,
          "column": 10
        }
      },
      "9": {
        "start": {
          "line": 34,
          "column": 10
        },
        "end": {
          "line": 34,
          "column": 23
        }
      },
      "10": {
        "start": {
          "line": 37,
          "column": 10
        },
        "end": {
          "line": 43,
          "column": 11
        }
      },
      "11": {
        "start": {
          "line": 42,
          "column": 14
        },
        "end": {
          "line": 42,
          "column": 49
        }
      },
      "12": {
        "start": {
          "line": 45,
          "column": 10
        },
        "end": {
          "line": 45,
          "column": 19
        }
      },
      "13": {
        "start": {
          "line": 47,
          "column": 6
        },
        "end": {
          "line": 47,
          "column": 12
        }
      },
      "14": {
        "start": {
          "line": 51,
          "column": 4
        },
        "end": {
          "line": 66,
          "column": 8
        }
      },
      "15": {
        "start": {
          "line": 56,
          "column": 8
        },
        "end": {
          "line": 56,
          "column": 21
        }
      },
      "16": {
        "start": {
          "line": 59,
          "column": 8
        },
        "end": {
          "line": 63,
          "column": 9
        }
      },
      "17": {
        "start": {
          "line": 62,
          "column": 12
        },
        "end": {
          "line": 62,
          "column": 35
        }
      },
      "18": {
        "start": {
          "line": 65,
          "column": 8
        },
        "end": {
          "line": 65,
          "column": 17
        }
      },
      "19": {
        "start": {
          "line": 69,
          "column": 19
        },
        "end": {
          "line": 95,
          "column": 7
        }
      },
      "20": {
        "start": {
          "line": 70,
          "column": 4
        },
        "end": {
          "line": 95,
          "column": 7
        }
      },
      "21": {
        "start": {
          "line": 75,
          "column": 8
        },
        "end": {
          "line": 94,
          "column": 12
        }
      },
      "22": {
        "start": {
          "line": 83,
          "column": 12
        },
        "end": {
          "line": 83,
          "column": 25
        }
      },
      "23": {
        "start": {
          "line": 86,
          "column": 12
        },
        "end": {
          "line": 91,
          "column": 13
        }
      },
      "24": {
        "start": {
          "line": 89,
          "column": 16
        },
        "end": {
          "line": 89,
          "column": 43
        }
      },
      "25": {
        "start": {
          "line": 90,
          "column": 16
        },
        "end": {
          "line": 90,
          "column": 22
        }
      },
      "26": {
        "start": {
          "line": 93,
          "column": 12
        },
        "end": {
          "line": 93,
          "column": 21
        }
      },
      "27": {
        "start": {
          "line": 97,
          "column": 2
        },
        "end": {
          "line": 113,
          "column": 3
        }
      }
    },
    "fnMap": {
      "0": {
        "name": "(anonymous_0)",
        "decl": {
          "start": {
            "line": 16,
            "column": 31
          },
          "end": {
            "line": 16,
            "column": 32
          }
        },
        "loc": {
          "start": {
            "line": 16,
            "column": 37
          },
          "end": {
            "line": 114,
            "column": 1
          }
        },
        "line": 16
      },
      "1": {
        "name": "(anonymous_1)",
        "decl": {
          "start": {
            "line": 23,
            "column": 12
          },
          "end": {
            "line": 23,
            "column": 13
          }
        },
        "loc": {
          "start": {
            "line": 23,
            "column": 18
          },
          "end": {
            "line": 67,
            "column": 3
          }
        },
        "line": 23
      },
      "2": {
        "name": "(anonymous_2)",
        "decl": {
          "start": {
            "line": 33,
            "column": 14
          },
          "end": {
            "line": 33,
            "column": 15
          }
        },
        "loc": {
          "start": {
            "line": 33,
            "column": 28
          },
          "end": {
            "line": 35,
            "column": 9
          }
        },
        "line": 33
      },
      "3": {
        "name": "(anonymous_3)",
        "decl": {
          "start": {
            "line": 36,
            "column": 15
          },
          "end": {
            "line": 36,
            "column": 16
          }
        },
        "loc": {
          "start": {
            "line": 36,
            "column": 36
          },
          "end": {
            "line": 46,
            "column": 9
          }
        },
        "line": 36
      },
      "4": {
        "name": "(anonymous_4)",
        "decl": {
          "start": {
            "line": 55,
            "column": 12
          },
          "end": {
            "line": 55,
            "column": 13
          }
        },
        "loc": {
          "start": {
            "line": 55,
            "column": 26
          },
          "end": {
            "line": 57,
            "column": 7
          }
        },
        "line": 55
      },
      "5": {
        "name": "(anonymous_5)",
        "decl": {
          "start": {
            "line": 58,
            "column": 13
          },
          "end": {
            "line": 58,
            "column": 14
          }
        },
        "loc": {
          "start": {
            "line": 58,
            "column": 34
          },
          "end": {
            "line": 66,
            "column": 7
          }
        },
        "line": 58
      },
      "6": {
        "name": "(anonymous_6)",
        "decl": {
          "start": {
            "line": 69,
            "column": 19
          },
          "end": {
            "line": 69,
            "column": 20
          }
        },
        "loc": {
          "start": {
            "line": 70,
            "column": 4
          },
          "end": {
            "line": 95,
            "column": 7
          }
        },
        "line": 70
      },
      "7": {
        "name": "(anonymous_7)",
        "decl": {
          "start": {
            "line": 74,
            "column": 12
          },
          "end": {
            "line": 74,
            "column": 13
          }
        },
        "loc": {
          "start": {
            "line": 75,
            "column": 8
          },
          "end": {
            "line": 94,
            "column": 12
          }
        },
        "line": 75
      },
      "8": {
        "name": "(anonymous_8)",
        "decl": {
          "start": {
            "line": 81,
            "column": 16
          },
          "end": {
            "line": 81,
            "column": 17
          }
        },
        "loc": {
          "start": {
            "line": 81,
            "column": 30
          },
          "end": {
            "line": 84,
            "column": 11
          }
        },
        "line": 81
      },
      "9": {
        "name": "(anonymous_9)",
        "decl": {
          "start": {
            "line": 85,
            "column": 17
          },
          "end": {
            "line": 85,
            "column": 18
          }
        },
        "loc": {
          "start": {
            "line": 85,
            "column": 38
          },
          "end": {
            "line": 94,
            "column": 11
          }
        },
        "line": 85
      }
    },
    "branchMap": {
      "0": {
        "loc": {
          "start": {
            "line": 25,
            "column": 4
          },
          "end": {
            "line": 27,
            "column": 5
          }
        },
        "type": "if",
        "locations": [
          {
            "start": {
              "line": 25,
              "column": 4
            },
            "end": {
              "line": 27,
              "column": 5
            }
          },
          {
            "start": {},
            "end": {}
          }
        ],
        "line": 25
      },
      "1": {
        "loc": {
          "start": {
            "line": 25,
            "column": 8
          },
          "end": {
            "line": 25,
            "column": 31
          }
        },
        "type": "binary-expr",
        "locations": [
          {
            "start": {
              "line": 25,
              "column": 8
            },
            "end": {
              "line": 25,
              "column": 23
            }
          },
          {
            "start": {
              "line": 25,
              "column": 27
            },
            "end": {
              "line": 25,
              "column": 31
            }
          }
        ],
        "line": 25
      },
      "2": {
        "loc": {
          "start": {
            "line": 30,
            "column": 4
          },
          "end": {
            "line": 48,
            "column": 5
          }
        },
        "type": "if",
        "locations": [
          {
            "start": {
              "line": 30,
              "column": 4
            },
            "end": {
              "line": 48,
              "column": 5
            }
          },
          {
            "start": {},
            "end": {}
          }
        ],
        "line": 30
      },
      "3": {
        "loc": {
          "start": {
            "line": 37,
            "column": 10
          },
          "end": {
            "line": 43,
            "column": 11
          }
        },
        "type": "switch",
        "locations": [
          {
            "start": {
              "line": 38,
              "column": 12
            },
            "end": {
              "line": 38,
              "column": 21
            }
          },
          {
            "start": {
              "line": 40,
              "column": 12
            },
            "end": {
              "line": 42,
              "column": 49
            }
          }
        ],
        "line": 37
      },
      "4": {
        "loc": {
          "start": {
            "line": 53,
            "column": 8
          },
          "end": {
            "line": 53,
            "column": 47
          }
        },
        "type": "cond-expr",
        "locations": [
          {
            "start": {
              "line": 53,
              "column": 19
            },
            "end": {
              "line": 53,
              "column": 35
            }
          },
          {
            "start": {
              "line": 53,
              "column": 38
            },
            "end": {
              "line": 53,
              "column": 47
            }
          }
        ],
        "line": 53
      },
      "5": {
        "loc": {
          "start": {
            "line": 59,
            "column": 8
          },
          "end": {
            "line": 63,
            "column": 9
          }
        },
        "type": "switch",
        "locations": [
          {
            "start": {
              "line": 60,
              "column": 10
            },
            "end": {
              "line": 62,
              "column": 35
            }
          }
        ],
        "line": 59
      },
      "6": {
        "loc": {
          "start": {
            "line": 86,
            "column": 12
          },
          "end": {
            "line": 91,
            "column": 13
          }
        },
        "type": "switch",
        "locations": [
          {
            "start": {
              "line": 87,
              "column": 14
            },
            "end": {
              "line": 90,
[...]
        },
        "end": {
          "line": 17,
          "column": 1
        }
      },
      "2": {
        "start": {
          "line": 19,
          "column": 26
        },
        "end": {
          "line": 24,
          "column": 1
        }
      },
      "3": {
        "start": {
          "line": 26,
          "column": 30
        },
        "end": {
          "line": 42,
          "column": 1
        }
      },
      "4": {
        "start": {
          "line": 53,
          "column": 26
        },
        "end": {
          "line": 73,
          "column": 1
        }
      },
      "5": {
        "start": {
          "line": 61,
          "column": 2
        },
        "end": {
          "line": 72,
          "column": 8
        }
      }
    },
    "fnMap": {
      "0": {
        "name": "(anonymous_0)",
        "decl": {
          "start": {
            "line": 53,
            "column": 26
          },
          "end": {
            "line": 53,
            "column": 27
          }
        },
        "loc": {
          "start": {
            "line": 61,
            "column": 2
          },
          "end": {
            "line": 72,
            "column": 8
          }
        },
        "line": 61
      }
    },
    "branchMap": {},
    "s": {
      "0": 6,
      "1": 6,
      "2": 6,
      "3": 6,
      "4": 6,
      "5": 220
    },
    "f": {
      "0": 220
    },
    "b": {},
    "_coverageSchema": "1a1c01bbd47fc00a2c39e90264f33305004495a9",
    "hash": "40bc699e16473197ebafb42e34dad33c1bff4bed"
  },
  "/Users/claudevernetmichel/Documents/mvp-frontend/pkg/index.ts": {
    "path": "/Users/claudevernetmichel/Documents/mvp-frontend/pkg/index.ts",
    "statementMap": {},
    "fnMap": {},
    "branchMap": {},
    "s": {},
    "f": {},
    "b": {},
    "_coverageSchema": "1a1c01bbd47fc00a2c39e90264f33305004495a9",
    "hash": "3abffa14cfed29410d1f68a9e39d5490eeff10b0"
  },
  "/Users/claudevernetmichel/Documents/mvp-frontend/pages/login.tsx": {
    "path": "/Users/claudevernetmichel/Documents/mvp-frontend/pages/login.tsx",
    "statementMap": {
      "0": {
        "start": {
          "line": 23,
          "column": 24
        },
        "end": {
          "line": 144,
          "column": 1
        }
      },
      "1": {
        "start": {
          "line": 24,
          "column": 26
        },
        "end": {
          "line": 24,
          "column": 58
        }
      },
      "2": {
        "start": {
          "line": 27,
          "column": 17
        },
        "end": {
          "line": 27,
          "column": 28
        }
      },
      "3": {
        "start": {
          "line": 37,
          "column": 6
        },
        "end": {
          "line": 37,
          "column": 18
        }
      },
      "4": {
        "start": {
          "line": 41,
          "column": 19
        },
        "end": {
          "line": 41,
          "column": 54
        }
      },
      "5": {
        "start": {
          "line": 43,
          "column": 2
        },
        "end": {
          "line": 71,
          "column": 68
        }
      },
      "6": {
        "start": {
          "line": 45,
          "column": 4
        },
        "end": {
          "line": 47,
          "column": 5
        }
      },
      "7": {
        "start": {
          "line": 46,
          "column": 6
        },
        "end": {
          "line": 46,
          "column": 12
        }
      },
      "8": {
        "start": {
          "line": 50,
          "column": 4
        },
        "end": {
          "line": 58,
          "column": 5
        }
      },
      "9": {
        "start": {
          "line": 51,
          "column": 6
        },
        "end": {
          "line": 56,
          "column": 60
        }
      },
      "10": {
        "start": {
          "line": 54,
          "column": 10
        },
        "end": {
          "line": 54,
          "column": 23
        }
      },
      "11": {
        "start": {
          "line": 57,
          "column": 6
        },
        "end": {
          "line": 57,
          "column": 12
        }
      },
      "12": {
        "start": {
          "line": 61,
          "column": 4
        },
        "end": {
          "line": 70,
          "column": 55
        }
      },
      "13": {
        "start": {
          "line": 68,
          "column": 8
        },
        "end": {
          "line": 68,
          "column": 21
        }
      },
      "14": {
        "start": {
          "line": 73,
          "column": 19
        },
        "end": {
          "line": 101,
          "column": 7
        }
      },
      "15": {
        "start": {
          "line": 74,
          "column": 4
        },
        "end": {
          "line": 101,
          "column": 7
        }
      },
      "16": {
        "start": {
          "line": 79,
          "column": 8
        },
        "end": {
          "line": 100,
          "column": 12
        }
      },
      "17": {
        "start": {
          "line": 83,
          "column": 12
        },
        "end": {
          "line": 86,
          "column": 13
        }
      },
      "18": {
        "start": {
          "line": 84,
          "column": 14
        },
        "end": {
          "line": 84,
          "column": 52
        }
      },
      "19": {
        "start": {
          "line": 85,
          "column": 14
        },
        "end": {
          "line": 85,
          "column": 20
        }
      },
      "20": {
        "start": {
          "line": 87,
          "column": 12
        },
        "end": {
          "line": 87,
          "column": 28
        }
      },
      "21": {
        "start": {
          "line": 93,
          "column": 12
        },
        "end": {
          "line": 97,
          "column": 13
        }
      },
      "22": {
        "start": {
          "line": 95,
          "column": 14
        },
        "end": {
          "line": 95,
          "column": 41
        }
      },
      "23": {
        "start": {
          "line": 96,
          "column": 14
        },
        "end": {
          "line": 96,
          "column": 20
        }
      },
      "24": {
        "start": {
          "line": 99,
          "column": 12
        },
        "end": {
          "line": 99,
          "column": 38
        }
      },
      "25": {
        "start": {
          "line": 103,
          "column": 2
        },
        "end": {
          "line": 143,
          "column": 3
        }
      },
      "26": {
        "start": {
          "line": 112,
          "column": 12
        },
        "end": {
          "line": 116,
          "column": 13
        }
      },
      "27": {
        "start": {
          "line": 113,
          "column": 14
        },
        "end": {
          "line": 113,
          "column": 37
        }
      },
      "28": {
        "start": {
          "line": 114,
          "column": 19
        },
        "end": {
          "line": 116,
          "column": 13
        }
      },
      "29": {
        "start": {
          "line": 115,
          "column": 14
        },
        "end": {
          "line": 115,
          "column": 48
        }
      },
      "30": {
        "start": {
          "line": 117,
          "column": 12
        },
        "end": {
          "line": 117,
          "column": 28
        }
      }
    },
    "fnMap": {
      "0": {
        "name": "(anonymous_0)",
        "decl": {
          "start": {
            "line": 23,
            "column": 24
          },
          "end": {
            "line": 23,
            "column": 25
          }
        },
        "loc": {
          "start": {
            "line": 23,
            "column": 30
          },
          "end": {
            "line": 144,
            "column": 1
          }
        },
        "line": 23
      },
      "1": {
        "name": "(anonymous_1)",
        "decl": {
          "start": {
            "line": 43,
            "column": 12
          },
          "end": {
            "line": 43,
            "column": 13
          }
        },
        "loc": {
          "start": {
            "line": 43,
            "column": 18
          },
          "end": {
            "line": 71,
            "column": 3
          }
        },
        "line": 43
      },
      "2": {
        "name": "(anonymous_2)",
        "decl": {
          "start": {
            "line": 53,
            "column": 14
          },
          "end": {
            "line": 53,
            "column": 15
          }
        },
        "loc": {
          "start": {
            "line": 53,
            "column": 28
          },
          "end": {
            "line": 55,
            "column": 9
          }
        },
        "line": 53
      },
      "3": {
        "name": "(anonymous_3)",
        "decl": {
          "start": {
            "line": 67,
            "column": 12
          },
          "end": {
            "line": 67,
            "column": 13
          }
        },
        "loc": {
          "start": {
            "line": 67,
            "column": 26
          },
          "end": {
            "line": 69,
            "column": 7
          }
        },
        "line": 67
      },
      "4": {
        "name": "(anonymous_4)",
        "decl": {
          "start": {
            "line": 73,
            "column": 19
          },
          "end": {
            "line": 73,
            "column": 20
          }
        },
        "loc": {
          "start": {
            "line": 74,
            "column": 4
          },
          "end": {
            "line": 101,
            "column": 7
          }
        },
        "line": 74
      },
      "5": {
        "name": "(anonymous_5)",
        "decl": {
          "start": {
            "line": 78,
            "column": 12
          },
          "end": {
            "line": 78,
            "column": 13
          }
        },
        "loc": {
          "start": {
            "line": 79,
            "column": 8
          },
          "end": {
            "line": 100,
            "column": 12
          }
        },
        "line": 79
      },
      "6": {
        "name": "(anonymous_6)",
        "decl": {
          "start": {
            "line": 82,
            "column": 16
          },
          "end": {
            "line": 82,
            "column": 17
          }
        },
        "loc": {
          "start": {
            "line": 82,
            "column": 25
          },
          "end": {
            "line": 88,
            "column": 11
          }
        },
        "line": 82
      },
      "7": {
        "name": "(anonymous_7)",
        "decl": {
          "start": {
            "line": 89,
            "column": 16
          },
          "end": {
            "line": 89,
            "column": 17
          }
        },
        "loc": {
          "start": {
            "line": 89,
            "column": 22
          },
          "end": {
            "line": 89,
            "column": 24
          }
        },
        "line": 89
      },
      "8": {
        "name": "(anonymous_8)",
        "decl": {
          "start": {
            "line": 91,
            "column": 17
          },
          "end": {
            "line": 91,
            "column": 18
          }
        },
        "loc": {
          "start": {
            "line": 91,
            "column": 38
          },
          "end": {
            "line": 100,
            "column": 11
          }
        },
        "line": 91
      },
      "9": {
        "name": "(anonymous_9)",
        "decl": {
          "start": {
            "line": 111,
            "column": 12
          },
          "end": {
            "line": 111,
            "column": 13
          }
        },
        "loc": {
          "start": {
            "line": 111,
            "column": 18
          },
          "end": {
            "line": 118,
            "column": 11
          }
        },
        "line": 111
      }
    },
    "branchMap": {
      "0": {
        "loc": {
          "start": {
            "line": 45,
            "column": 4
          },
          "end": {
            "line": 47,
            "column": 5
          }
        },
        "type": "if",
        "locations": [
          {
            "start": {
              "line": 45,
              "column": 4
            },
            "end": {
              "line": 47,
              "column": 5
            }
          },
          {
            "start": {},
            "end": {}
          }
        ],
        "line": 45
      },
      "1": {
        "loc": {
          "start": {
            "line": 45,
            "column": 8
          },
          "end": {
            "line": 45,
            "column": 31
          }
        },
        "type": "binary-expr",
        "locations": [
          {
            "start": {
              "line": 45,
              "column": 8
            },
            "end": {
              "line": 45,
              "column": 23
            }
          },
          {
            "start": {
              "line": 45,
              "column": 27
            },
            "end": {
              "line": 45,
              "column": 31
            }
          }
        ],
        "line": 45
      },
      "2": {
        "loc": {
          "start": {
            "line": 50,
            "column": 4
          },
          "end": {
            "line": 58,
            "column": 5
          }
        },
        "type": "if",
        "locations": [
          {
            "start": {
              "line": 50,
              "column": 4
            },
            "end": {
              "line": 58,
              "column": 5
            }
          },
          {
            "start": {},
            "end": {}
          }
        ],
        "line": 50
      },
      "3": {
        "loc": {
          "start": {
            "line": 64,
            "column": 8
          },
          "end": {
            "line": 64,
            "column": 37
          }
        },
        "type": "cond-expr",
        "locations": [
          {
            "start": {
              "line": 64,
              "column": 14
            },
            "end": {
              "line": 64,
              "column": 25
            }
          },
          {
            "start": {
              "line": 64,
              "column": 28
            },
            "end": {
              "line": 64,
              "column": 37
            }
          }
        ],
        "line": 64
      },
      "4": {
        "loc": {
          "start": {
            "line": 65,
            "column": 8
          },
          "end": {
            "line": 65,
            "column": 47
          }
        },
        "type": "cond-expr",
        "locations": [
          {
            "start": {
              "line": 65,
              "column": 19
            },
            "end": {
              "line": 65,
              "column": 35
            }
          },
          {
            "start": {
              "line": 65,
              "column": 38
            },
            "end": {
              "line": 65,
              "column": 47
            }
          }
        ],
        "line": 65
      },
      "5": {
        "loc": {
          "start": {
            "line": 83,
            "column": 12
          },
          "end": {
            "line": 86,
            "column": 13
          }
        },
        "type": "if",
        "locations": [
          {
            "start": {
              "line": 83,
              "column": 12
            },
            "end": {
              "line": 86,
              "column": 13
            }
          },
          {
            "start": {},
            "end": {}
          }
        ],
        "line": 83
      },
      "6": {
        "loc": {
          "start": {
            "line": 93,
            "column": 12
          },
          "end": {
            "line": 97,
            "column": 13
          }
        },
        "type": "if",
        "locations": [
          {
            "start": {
              "line": 93,
              "column": 12
            },
            "end": {
              "line": 97,
              "column": 13
            }
          },
          {
            "start": {},
            "end": {}
          }
        ],
        "line": 93
      },
      "7": {
        "loc": {
          "start": {
            "line": 112,
            "column": 12
          },
          "end": {
            "line": 116,
            "column": 13
          }
        },
        "type": "if",
        "locations": [
          {
            "start": {
              "line": 112,
              "column": 12
            },
            "end": {
              "line": 116,
              "column": 13
            }
          },
          {
            "start": {
              "line": 114,
              "column": 19
            },
            "end": {
              "line": 116,
              "column": 13
            }
          }
        ],
        "line": 112
      },
      "8": {
        "loc": {
          "start": {
            "line": 114,
            "column": 19
          },
          "end": {
            "line": 116,
            "column": 13
          }
        },
        "type": "if",
        "locations": [
          {
            "start": {
              "line": 114,
              "column": 19
            },
            "end": {
              "line": 116,
              "column": 13
            }
          },
          {
            "start": {},
            "end": {}
          }
        ],
        "line": 114
      },
      "9": {
        "loc": {
          "start": {
            "line": 122,
            "column": 7
          },
          "end": {
            "line": 141,
            "column": 7
          }
        },
        "type": "cond-expr",
        "locations": [
          {
            "start": {
              "line": 123,
              "column": 8
            },
            "end": {
              "line": 127,
              "column": 21
            }
          },
          {
            "start": {
              "line": 129,
              "column": 8
            },
            "end": {
              "line": 140,
              "column": 11
            }
          }
        ],
        "line": 122
      },
      "10": {
        "loc": {
          "start": {
            "line": 122,
            "column": 7
          },
          "end": {
            "line": 122,
            "column": 21
          }
        },
        "type": "binary-expr",
        "locations": [
          {
            "start": {
              "line": 122,
              "column": 7
            },
            "end": {
              "line": 122,
              "column": 10
            }
          },
          {
            "start": {
              "line": 122,
              "column": 14
            },
            "end": {
              "line": 122,
              "column": 21
            }
          }
        ],
        "line": 122
      }
    },
    "s": {
      "0": 6,
      "1": 10,
      "2": 8,
      "3": 8,
      "4": 8,
      "5": 8,
      "6": 4,
      "7": 2,
      "8": 2,
      "9": 0,
      "10": 0,
      "11": 0,
      "12": 2,
      "13": 2,
      "14": 8,
      "15": 0,
      "16": 0,
      "17": 0,
      "18": 0,
      "19": 0,
      "20": 0,
      "21": 0,
      "22": 0,
      "23": 0,
      "24": 0,
      "25": 8,
      "26": 8,
      "27": 0,
      "28": 8,
      "29": 0,
      "30": 8
    },
    "f": {
      "0": 10,
      "1": 4,
      "2": 0,
      "3": 2,
      "4": 0,
      "5": 0,
      "6": 0,
      "7": 0,
      "8": 0,
      "9": 8
    },
    "b": {
      "0": [2, 2],
      "1": [4, 4],
      "2": [0, 2],
      "3": [0, 2],
      "4": [0, 2],
      "5": [0, 0],
      "6": [0, 0],
      "7": [0, 8],
      "8": [0, 8],
      "9": [0, 8],
      "10": [8, 8]
    },
    "_coverageSchema": "1a1c01bbd47fc00a2c39e90264f33305004495a9",
    "hash": "c20dffd0b37d981920ab8dbafd9894316e7e202b"
  }
}
